{
  "RSpec": {
    "coverage": {
      "/Users/makerslaptop098/projects/Battle/app.rb": [
        1,
        1,
        1,
        null,
        1,
        null,
        1,
        null,
        1,
        111,
        null,
        null,
        1,
        17,
        null,
        null,
        1,
        17,
        17,
        17,
        17,
        null,
        null,
        1,
        46,
        46,
        null,
        null,
        1,
        31,
        31,
        null,
        null,
        1,
        0,
        0,
        null,
        null,
        1,
        0,
        0,
        null,
        null,
        1,
        0,
        0,
        null,
        null,
        1,
        null,
        null
      ],
      "/Users/makerslaptop098/projects/Battle/lib/player.rb": [
        1,
        null,
        1,
        1,
        1,
        null,
        1,
        37,
        37,
        37,
        null,
        null,
        1,
        0,
        null,
        null,
        1,
        32,
        null,
        null,
        1,
        0,
        null,
        null,
        1,
        0,
        null,
        null,
        1,
        92,
        null,
        null,
        null
      ],
      "/Users/makerslaptop098/projects/Battle/lib/game.rb": [
        1,
        null,
        1,
        null,
        1,
        22,
        22,
        22,
        null,
        null,
        1,
        17,
        null,
        null,
        1,
        111,
        null,
        null,
        1,
        138,
        null,
        null,
        1,
        138,
        null,
        null,
        1,
        31,
        null,
        null,
        1,
        0,
        null,
        null,
        1,
        0,
        0,
        null,
        null,
        1,
        0,
        null,
        null,
        1,
        48,
        48,
        48,
        null,
        null,
        1,
        336,
        null,
        null,
        1,
        150,
        null,
        null,
        1,
        1,
        null,
        null,
        1,
        null,
        1,
        48,
        48,
        null,
        null,
        1,
        144,
        48,
        48,
        null,
        null,
        1,
        0,
        null,
        null,
        null
      ],
      "/Users/makerslaptop098/projects/Battle/spec/features/web_helpers.rb": [
        1,
        17,
        17,
        17,
        17,
        17,
        null,
        null
      ],
      "/Users/makerslaptop098/projects/Battle/spec/features/feature_spec.rb": [
        1,
        1,
        null,
        1,
        1,
        null,
        null,
        1,
        1,
        null,
        1,
        9,
        null,
        null,
        1,
        1,
        1,
        1,
        1,
        null,
        null,
        null,
        null,
        1,
        1,
        1,
        1,
        1,
        26,
        26,
        null,
        null,
        1,
        1,
        null,
        null,
        null,
        null,
        1,
        1,
        1,
        2,
        null,
        1,
        1,
        null,
        1,
        1,
        null,
        null,
        null,
        null,
        1,
        1,
        1,
        5,
        null,
        1,
        1,
        null,
        1,
        1,
        1,
        null,
        1,
        1,
        null,
        1,
        1,
        1,
        null,
        1,
        null,
        1,
        1,
        1,
        null,
        1,
        1,
        1,
        null,
        1,
        1,
        1,
        null,
        1,
        1,
        1,
        null,
        null,
        null,
        null,
        null
      ],
      "/Users/makerslaptop098/projects/Battle/spec/game_spec.rb": [
        1,
        null,
        1,
        6,
        6,
        null,
        1,
        1,
        null,
        null,
        6,
        null,
        1,
        1,
        null,
        null,
        1,
        1,
        null,
        null,
        1,
        4,
        4,
        null,
        null,
        1,
        1,
        null,
        null,
        1,
        3,
        3,
        1,
        1,
        null,
        null,
        null,
        null
      ],
      "/Users/makerslaptop098/projects/Battle/spec/player_spec.rb": [
        1,
        null,
        1,
        null,
        1,
        1,
        null,
        null,
        1,
        4,
        null,
        1,
        1,
        null,
        null,
        1,
        1,
        null,
        null,
        1,
        4,
        null,
        null,
        null
      ]
    },
    "timestamp": 1488670456
  }
}
